<?xml version="1.0" encoding="UTF-8"?>
<!-- Generated by org.testng.reporters.JUnitReportReporter -->
<testsuite hostname="DESKTOP-8DNFJB1" failures="0" tests="1" name="testpkg.Saucedemotest" time="11.242" errors="0" timestamp="2024-04-14T21:48:31 IST" skipped="0">
  <testcase classname="testpkg.Saucedemotest" name="verifiyLoginWithValidCred" time="11.242"/>
</testsuite> <!-- testpkg.Saucedemotest -->
